<?xml version="1.0" encoding="UTF-8"?>
<!-- Generated by org.testng.reporters.JUnitReportReporter -->
<testsuite skipped="0" hostname="DESKTOP-C92CSUL" name="testCases.TC_SaveAllJobsFromJobAlertsAndWriteToGoogleDrive" tests="1" failures="0" timestamp="12 Sep 2020 14:47:06 GMT" time="0.007" errors="0">
  <testcase name="test_SaveAllJobsFromJobAlertsAndWriteToGoogleDrive" time="0.007" classname="testCases.TC_SaveAllJobsFromJobAlertsAndWriteToGoogleDrive"/>
</testsuite> <!-- testCases.TC_SaveAllJobsFromJobAlertsAndWriteToGoogleDrive -->
