<?xml version="1.0" encoding="UTF-8"?>
<!-- Generated by org.testng.reporters.JUnitReportReporter -->
<testsuite skipped="0" hostname="DESKTOP-C92CSUL" name="testSuites.TS_Regression" tests="1" failures="0" timestamp="11 Sep 2020 18:06:19 GMT" time="0.047" errors="0">
  <testcase name="tests" time="0.047" classname="testSuites.TS_Regression"/>
</testsuite> <!-- testSuites.TS_Regression -->
